[debug] [2019-03-17T08:19:34.471Z] ----------------------------------------------------------------------
[debug] [2019-03-17T08:19:34.473Z] Command:       C:\Program Files\nodejs\node.exe C:\Users\windows 7\AppData\Roaming\npm\node_modules\firebase-tools\lib\bin\firebase.js deploy
[debug] [2019-03-17T08:19:34.473Z] CLI Version:   6.3.1
[debug] [2019-03-17T08:19:34.473Z] Platform:      win32
[debug] [2019-03-17T08:19:34.473Z] Node Version:  v8.12.0
[debug] [2019-03-17T08:19:34.474Z] Time:          Sun Mar 17 2019 16:19:34 GMT+0800 (中国标准时间)
[debug] [2019-03-17T08:19:34.474Z] ----------------------------------------------------------------------
[debug] 
[debug] [2019-03-17T08:19:34.481Z] > command requires scopes: ["email","openid","https://www.googleapis.com/auth/cloudplatformprojects.readonly","https://www.googleapis.com/auth/firebase","https://www.googleapis.com/auth/cloud-platform"]
[debug] [2019-03-17T08:19:34.481Z] > authorizing via signed-in user
[debug] [2019-03-17T08:19:34.481Z] [iam] checking project hg006668 for permissions ["firebase.projects.get","firebasehosting.sites.update"]
[debug] [2019-03-17T08:19:34.482Z] >>> HTTP REQUEST POST https://cloudresourcemanager.googleapis.com/v1/projects/hg006668:testIamPermissions  

[debug] [2019-03-17T08:19:35.737Z] <<< HTTP RESPONSE 200
[debug] [2019-03-17T08:19:35.738Z] >>> HTTP REQUEST GET https://firebase.googleapis.com/v1beta1/projects/hg006668  
 
[debug] [2019-03-17T08:19:36.670Z] <<< HTTP RESPONSE 200
[info] 
[info] === Deploying to 'hg006668'...
[info] 
[info] i  deploying hosting
[debug] [2019-03-17T08:19:36.699Z] >>> HTTP REQUEST POST https://firebasehosting.googleapis.com/v1beta1/sites/hg006668/versions  

[debug] [2019-03-17T08:19:38.666Z] <<< HTTP RESPONSE 200
[info] i  hosting[hg006668]: beginning deploy...
[info] i  hosting[hg006668]: found 447 files in distribute
[debug] [2019-03-17T08:19:38.919Z] [hosting] hash cache [ZGlzdHJpYnV0ZQ] load error: lines is not defined
[debug] [2019-03-17T08:19:54.351Z] [hosting] hash cache [ZGlzdHJpYnV0ZQ] stored for 447 files
[debug] [2019-03-17T08:19:54.351Z] [hosting][hash queue][FINAL]
[debug] [2019-03-17T08:19:54.352Z] >>> HTTP REQUEST POST https://firebasehosting.googleapis.com/v1beta1/sites/hg006668/versions/767d0760fffb67b0:populateFiles  
 <request body omitted>
[debug] [2019-03-17T08:20:13.060Z] <<< HTTP RESPONSE 200
[debug] [2019-03-17T08:20:13.136Z] [hosting][populate queue][FINAL]
[debug] [2019-03-17T08:20:13.137Z] [hosting] uploads queued: 395
[debug] [2019-03-17T08:20:17.807Z] [hosting][upload]
[debug] [2019-03-17T08:20:23.807Z] [uploadQueue] Retrying task 20ca895f8fb5dab8a9906695837f2e4dc642371361507226d1241067c477489b
[debug] [2019-03-17T08:20:23.827Z] [uploadQueue] Retrying task 22376f583e4e53d5c02d1aeaa3263660f08f0a6c6023bef2ebc531c336c64ac4
[debug] [2019-03-17T08:20:23.833Z] [uploadQueue] Retrying task 5e69eb4a876ba48bb90f5fae4c77af951089263b8ca954cd60055b40e73f2b55
[debug] [2019-03-17T08:20:23.834Z] [uploadQueue] Retrying task 5a15cfb0e8f7a420147c186aa72055ae25d16c4a674bd5f39b7e3ea9a46e516b
[debug] [2019-03-17T08:20:23.836Z] [uploadQueue] Retrying task 5b010eda70f2df726946c9dfbabc5a8ef3a9a1f88b5d7177a7cc725d61524bfe
[debug] [2019-03-17T08:20:23.836Z] [uploadQueue] Retrying task a2bad89e8a0a012ae7d214e7b1053624238dcd6ba3b8a846b2998ed9cac363ab
[debug] [2019-03-17T08:20:23.839Z] [uploadQueue] Retrying task f4a0e3654e328108da093a322aea84440dda3e278b8372eae60f0ffc4827e3db
[debug] [2019-03-17T08:20:23.851Z] [uploadQueue] Retrying task 90457dea91494695f6a39d086cf0effba36ec317434af117da381c3d672c4d48
[debug] [2019-03-17T08:20:23.856Z] [uploadQueue] Retrying task 6966c5510b4b5633de7c3f226b712356656569535f5e82722cdcbe25656492f0
[debug] [2019-03-17T08:20:23.856Z] [uploadQueue] Retrying task 80e319ad5d1f4940f5bf879a6c066e41542af60d7eec963798a5c79e40d11425
[debug] [2019-03-17T08:20:23.857Z] [uploadQueue] Retrying task 9444aeffadaf5ef84b8c51095d23af94abf7b39a504f3603c00ef6e21f4173e5
[debug] [2019-03-17T08:20:23.861Z] [uploadQueue] Retrying task 84d89d8ff69105ed633d2dd990039b3db4bc6aa823cde6f71799415f2dd94ead
[debug] [2019-03-17T08:20:23.861Z] [uploadQueue] Retrying task 31e710a359907986259a4a426ec018940b6c7e63aa8d211739358203c2752c8b
[debug] [2019-03-17T08:20:23.862Z] [uploadQueue] Retrying task d16d31af7e0137bca0ff31b48a23eb475bf684632beeab156183be70103f67c4
[debug] [2019-03-17T08:20:23.903Z] [uploadQueue] Retrying task 4759b6347aa850bbe2899438bb23e042fedb1d0b17f73088d9c1a2db9cd2d172
[debug] [2019-03-17T08:20:23.903Z] [uploadQueue] Retrying task 59302534997911fcaf0ad336b87a85d08feb5dd93d48ae67f4a03e94340d7acc
[debug] [2019-03-17T08:20:23.903Z] [uploadQueue] Retrying task f062729ca65f300db705fdc85f3bcc6717335e661a5c306dad8184841a347e15
[debug] [2019-03-17T08:20:23.903Z] [uploadQueue] Retrying task 298c2b691f6f9beefc26ea4dacd1adf3d18d297eb4142167fefdca0b0b2f9b84
[debug] [2019-03-17T08:20:24.192Z] [uploadQueue] Retrying task 28e9158c135a270da7fd31a5b54164a402975d007ee4b86a645c48e296e3e791
[debug] [2019-03-17T08:20:24.201Z] [uploadQueue] Retrying task eb05bbef0ac89f46d525334957bd0a9c2a1a853a7318eedf05d8cfc119137879
[debug] [2019-03-17T08:20:24.210Z] [uploadQueue] Retrying task a5f0831e9a97b59c561569897d0b4ee3bd9935adf7580aed8a0c23258290caf1
[debug] [2019-03-17T08:20:24.214Z] [uploadQueue] Retrying task 28be97821b1edc481b56e14abb7631307de391f8011cd1f7f40555f2ad7ab71c
[debug] [2019-03-17T08:20:24.918Z] [uploadQueue] Retrying task e58c5a746312a4f97d08a3f55f5ffc6c93009da93de1a3731e2cea047978a9c1
[debug] [2019-03-17T08:20:25.002Z] [uploadQueue] Retrying task 0591f882cecab2f051049f831bbcc9cf455b275e7d8df667e9767b0a07986026
[debug] [2019-03-17T08:20:26.405Z] [uploadQueue] Retrying task 1cb2385cd837bf50a6d8b399d82f2b97c4890cbff3eb0dd8b4473e775967c358
[debug] [2019-03-17T08:20:26.415Z] [uploadQueue] Retrying task 098058cceb5cbf6757f5e255ed6ec7025cd821ccb0002b22929d46a27cf83e9c
[debug] [2019-03-17T08:20:27.260Z] [uploadQueue] Retrying task 5f31c6303ba837e284f8f81f072c1a563f71e586467272976b709a698e87a14e
[debug] [2019-03-17T08:20:27.263Z] [uploadQueue] Retrying task 733021f5882c63b3d9718f31d392edca015861ce476ad3514066ab4b80de2d19
[debug] [2019-03-17T08:20:27.264Z] [uploadQueue] Retrying task 5bbb60ec59496eb20754444f6408f6958fbc122e1d86a84927c4076d4df69f93
[debug] [2019-03-17T08:20:27.268Z] [uploadQueue] Retrying task daa350346d788fe305b623d35a3c68eee0824891139dbc92b159d6bf4a94cd4f
[debug] [2019-03-17T08:20:27.271Z] [uploadQueue] Retrying task 87c4edacaa895f22b9e6994cb977702a0018265b6c2317afcded9b27d6afd17a
[debug] [2019-03-17T08:20:27.623Z] [uploadQueue] Retrying task a31266f2737499a4c18fa8ace90a58c7d81fc6a824a25104adbcba0a438f352e
[debug] [2019-03-17T08:20:27.625Z] [uploadQueue] Retrying task c3ec374da23902a50edf2ab0b6ffc727bb9234a58a17a811411867967a99759f
[debug] [2019-03-17T08:20:27.626Z] [uploadQueue] Retrying task d2c12da8b5a57501453febffb81b6aba4aca5299bd4da2593e25266fa5d96502
[debug] [2019-03-17T08:20:28.707Z] [hosting][upload]
[debug] [2019-03-17T08:20:29.633Z] [uploadQueue] Retrying task 25d4d4685c13e3fd7d6f0ec3ce6a99879ef97fb50b164cf19da9da339b16955d
[debug] [2019-03-17T08:20:30.171Z] [uploadQueue] Retrying task 044ab57528e9b0473269902e4b059e25c7d1696c1e7206eb47755db2a34ac38b
[debug] [2019-03-17T08:20:30.183Z] [uploadQueue] Retrying task f399648318f93114fe9790df1d14041fca52348ab573d08920b3672d2b06c37a
[debug] [2019-03-17T08:20:30.206Z] [uploadQueue] Retrying task a61e53c59c1a35c499934708e786f4c1c6408a479ce04815c4b39fdec71f4505
[debug] [2019-03-17T08:20:30.221Z] [uploadQueue] Retrying task cb78376db9c11fbd179ab73d10e92219c6f650f40d5484d8d6265afb511e3943
[debug] [2019-03-17T08:20:30.225Z] [uploadQueue] Retrying task cabade0fbd49c6b6d4282fb8bc4425e04835b8e2198ed30b32c3804b44e11cc9
[debug] [2019-03-17T08:20:30.227Z] [uploadQueue] Retrying task 84a0543353b9a81eaeaa2e7b27afafbaab51bc6d5a7eea11f95132cc816cb854
[debug] [2019-03-17T08:20:30.229Z] [uploadQueue] Retrying task 3ffa2e2f661153dbda32baf721f333ca0800ad886982572532eb69e0581dbe7a
[debug] [2019-03-17T08:20:30.232Z] [uploadQueue] Retrying task 16361735355a717e3f5cb3c213317ccf765f5da1a4a574222382d3c2225523f7
[debug] [2019-03-17T08:20:30.235Z] [uploadQueue] Retrying task 451ae4ffd0b474d8d06f848398d26444d46effd60bb3e386c3e6f704d603520f
[debug] [2019-03-17T08:20:30.239Z] [uploadQueue] Retrying task 8f6869f74be76222904d614d4c84f18136ee5bdde18ec4a696d7d2c80eea229c
[debug] [2019-03-17T08:20:31.624Z] [uploadQueue] Retrying task 9dc036f7928931edebb457a72f124a3d5500fb0940813f3cf440f1b754521c2d
[debug] [2019-03-17T08:20:31.883Z] [uploadQueue] Retrying task 272bee03b29b736dbe7391e4cc2027751c5186ff9a4cfaed9f3df61e2987f204
[debug] [2019-03-17T08:20:32.417Z] [uploadQueue] Retrying task 7363931458e76201ee7ea65af91fb87d015786980cdbdc840b12537822f8872d
[debug] [2019-03-17T08:20:32.564Z] [uploadQueue] Retrying task 63a3ca7306174052b30468f1c222562c3bd89a3d23431f7eb37c3dcc95692b93
[debug] [2019-03-17T08:20:34.012Z] [uploadQueue] Retrying task 6d0a101cd5b049828623fc5ab2c296e66195316cf1368f72da80b029f07e3712
[debug] [2019-03-17T08:20:34.687Z] [uploadQueue] Retrying task be90cb59027dab6c61d6efd5e1d0c471a9c421351d64cfca497b91f72431693c
[debug] [2019-03-17T08:20:34.687Z] [uploadQueue] Retrying task 2f6472f791a69dd671696daefc4bda971de8a5c96f03f8cdace12614098a7f4b
[debug] [2019-03-17T08:20:34.688Z] [uploadQueue] Retrying task ab416190e694f5bc0a12e7f52f6e70cb20e07f2355424d0124e1d0e5f3272511
[debug] [2019-03-17T08:20:34.690Z] [uploadQueue] Retrying task 5764d228ac7b42cdcd3accc6ca4cb1337b9b7aafa5cc480d070bfb7d44dc498e
[debug] [2019-03-17T08:20:34.691Z] [uploadQueue] Retrying task 2daf0f647537169c4c13bfb630c85511329e9e05b609009ec13aedc395543845
[debug] [2019-03-17T08:20:34.691Z] [uploadQueue] Retrying task 841c34776743dc02dda7992a3d7d5221a0645e3fe7e730665b03b33195687f65
[debug] [2019-03-17T08:20:34.691Z] [uploadQueue] Retrying task 13667ba6716b52228047f7910adac8ef6629bfdb143984b9fbbfbbbfb87fe084
[debug] [2019-03-17T08:20:34.692Z] [uploadQueue] Retrying task 464d9842b9086052654d59ce96ca9c5e49203030ffd33aaba0fed6ad57c64c55
[debug] [2019-03-17T08:20:34.692Z] [uploadQueue] Retrying task f8a280e26b082c79a0a5b2f037e7ef3afd691600357bf41f5a0ba38ceb9a4ca8
[debug] [2019-03-17T08:20:34.692Z] [uploadQueue] Retrying task 2372aa13d9ee7f4dec4286abdb0daebb6c8a2dd6f9b0512b8dee8444ef7954a2
[debug] [2019-03-17T08:20:34.697Z] [uploadQueue] Retrying task 422c870e6e50f70c8ea43576a0a403a9b022e364587a15e1305e61dcdaf980a5
[debug] [2019-03-17T08:20:34.697Z] [uploadQueue] Retrying task 8081ed9fa3904c2295d88ba4583ece49c5eb173275e1634536ed59d17629e322
[debug] [2019-03-17T08:20:34.698Z] [uploadQueue] Retrying task d226fc1e835af88de7479f21a97a8286d5551b98df1c7e225c0405bbc11e68aa
[debug] [2019-03-17T08:20:34.698Z] [uploadQueue] Retrying task b9140a3c7fbecb80fc6bb294aeb83bfe52c83c71c8ffc03a078a01310b21c38d
[debug] [2019-03-17T08:20:34.698Z] [uploadQueue] Retrying task e44fa9d90359f1e51c0473cd81c098abda7a2f9fd28d600ce63d6cff4baee0eb
[debug] [2019-03-17T08:20:34.699Z] [uploadQueue] Retrying task dcd29846e190becf3e9d6ed81e4bb78f86fa244af7b5dcec9a0a1fe31f8d8f2e
[debug] [2019-03-17T08:20:34.699Z] [uploadQueue] Retrying task 15257c5f68dab7717f0aa92e7f709f55f391523bc2b746ad9c32f66ea3103bf1
[debug] [2019-03-17T08:20:34.699Z] [uploadQueue] Retrying task d9c37c2850dfc6cfc5c868b19bd93bdd3fecb455d3d0c533fe7b665c432175cd
[debug] [2019-03-17T08:20:34.700Z] [uploadQueue] Retrying task f5f9d770680c8d9c9403c32a0a83285bcf99f77efab3cef2fb187782e3c35abd
[debug] [2019-03-17T08:20:34.700Z] [uploadQueue] Retrying task 87ca9f8a250a948daa43e0ef819a9a541cd2b118d80389f5b8dbdeea08da7380
[debug] [2019-03-17T08:20:34.700Z] [uploadQueue] Retrying task c42d3650a94272efef35619f22a7dc744a570b57a68f01750596518898d1e972
[debug] [2019-03-17T08:20:34.701Z] [uploadQueue] Retrying task 853e3d933948d10a9d9767422fa1fd7fe61eab2749a29b9c24483f14cc6e1931
[debug] [2019-03-17T08:20:34.701Z] [uploadQueue] Retrying task ad10fd95e8f9b3d05c40e47943644145a0999849c609ee3db081e80f9ae855f7
[debug] [2019-03-17T08:20:34.701Z] [uploadQueue] Retrying task 2d4e054efa970ffbe170f04b682dfc63e74c6fd5344cf40869b01662d65a00c0
[debug] [2019-03-17T08:20:34.714Z] [uploadQueue] Retrying task bdfc53bcb410303412a4d28f626c0cf034d719a18cb2d8d961a6197bfd8ecd79
[debug] [2019-03-17T08:20:34.715Z] [uploadQueue] Retrying task 3bc04b30d49f15f0b3de046bd31148cd65130f87daf99901ea5357481f75bbdd
[debug] [2019-03-17T08:20:34.715Z] [uploadQueue] Retrying task 1dc88c757150d0ce11b9b8059c32d8253904273a130f165a97eb99214d67c84a
[debug] [2019-03-17T08:20:34.715Z] [uploadQueue] Retrying task d2c53539d482cd17f4df7d676fa81f4b12f31492ba736737c08815df77bc026e
[debug] [2019-03-17T08:20:34.716Z] [uploadQueue] Retrying task 8b63badc1ee7f535a74dea74af554c8ce9a5a3a4fbdea4b022b1f38766f94026
[debug] [2019-03-17T08:20:34.716Z] [uploadQueue] Retrying task 9ad5582cbb100c2869afc681247d7120c385527f6d8e0adccdc0e66e6c674221
[debug] [2019-03-17T08:20:34.716Z] [uploadQueue] Retrying task 65bcdbe15bb4854db642fa8a9aa1c5b229444eb6cd1665314268c792fe1376bc
[debug] [2019-03-17T08:20:34.717Z] [uploadQueue] Retrying task fd4dfdb4f05114f495c57113e3765e74972e1eabf37716e617a4f7889d2a7df2
[debug] [2019-03-17T08:20:34.717Z] [uploadQueue] Retrying task 0c3c9fb37db2dbcabaa725829f4325dc79dea989fc35212e2557320ea774790d
[debug] [2019-03-17T08:20:34.717Z] [uploadQueue] Retrying task 135d28c7ecb6e417c3beddee74a85b03b2b3196d51edafb4696d844e4f52a752
[debug] [2019-03-17T08:20:34.717Z] [uploadQueue] Retrying task b53a9e27bf58c4d72142651d10428596e0e8329238d792cd0c8b893d5adbf806
[debug] [2019-03-17T08:20:34.718Z] [uploadQueue] Retrying task b90229ba3e47a476324d6e6f1e3b01e6579c5d9d2ea2da943078ec82272f6ff0
[debug] [2019-03-17T08:20:34.718Z] [uploadQueue] Retrying task 19ec779c3dc1c8c0760d0d78707580a95fee84de156b1a4733e6d15bffd2d655
[debug] [2019-03-17T08:20:34.718Z] [uploadQueue] Retrying task 05e705830bc8a6a9b1e5df3c20e57da235e71f542bb27161db2f35402d7cfffc
[debug] [2019-03-17T08:20:34.718Z] [uploadQueue] Retrying task 0341ee95369d16396a8fcd45cd65b82ca347dcd62906a93a24a0c42ccb9b6268
[debug] [2019-03-17T08:20:34.719Z] [uploadQueue] Retrying task 497d261959f78302f37825fb3322c3cfc050690667108070dc840ff90e5d45f6
[debug] [2019-03-17T08:20:34.719Z] [uploadQueue] Retrying task 076e45a9092763277cc5de6531484dc9f20acce2d828b5af3924c3d78fe28ac5
[debug] [2019-03-17T08:20:34.719Z] [uploadQueue] Retrying task 9443323a32eef4f46a3ae48a8d456f13421a636f2837e67f8ab4e9c27f37243b
[debug] [2019-03-17T08:20:34.720Z] [uploadQueue] Retrying task 8b1eb2002c0873ea0763a3a71ac2105902e6a38db46e5a34b5c49611f16c2db2
[debug] [2019-03-17T08:20:34.720Z] [uploadQueue] Retrying task 95d88f1c57a5710dd53d752c454b9df65bfaeaf54b56fb77549f50781e225383
[debug] [2019-03-17T08:20:35.326Z] [uploadQueue] Retrying task 28be97821b1edc481b56e14abb7631307de391f8011cd1f7f40555f2ad7ab71c
[debug] [2019-03-17T08:20:35.396Z] [uploadQueue] Retrying task 90457dea91494695f6a39d086cf0effba36ec317434af117da381c3d672c4d48
[debug] [2019-03-17T08:20:35.396Z] [uploadQueue] Retrying task 4759b6347aa850bbe2899438bb23e042fedb1d0b17f73088d9c1a2db9cd2d172
[debug] [2019-03-17T08:20:35.397Z] [uploadQueue] Retrying task f062729ca65f300db705fdc85f3bcc6717335e661a5c306dad8184841a347e15
[debug] [2019-03-17T08:20:36.546Z] [uploadQueue] Retrying task 681115ae002d0a44e8dc3599a858f8079429fa3610badfba2d3f26ac362120fb
[debug] [2019-03-17T08:20:36.591Z] [uploadQueue] Retrying task db0e5f420b88115155f103f72acb4d1f4e0552af6381a34d40ff1e6c9ce2117f
[debug] [2019-03-17T08:20:36.604Z] [uploadQueue] Retrying task 6eef0fd0a4a845b658f3a75eac8e60f7b9e383253ba037420adfe20d47ce7639
[debug] [2019-03-17T08:20:37.945Z] [uploadQueue] Retrying task 20ca895f8fb5dab8a9906695837f2e4dc642371361507226d1241067c477489b
[debug] [2019-03-17T08:20:38.275Z] [uploadQueue] Retrying task 51b98ea530db490bfa3636c9a092edf4ea756dab62acac8730c23fe027e3573e
[debug] [2019-03-17T08:20:39.250Z] [uploadQueue] Retrying task 227d1e34585be5654d58d95a00031821fd7fb9c6188512ac456e453f74937ed4
[debug] [2019-03-17T08:20:39.251Z] [uploadQueue] Retrying task 3d08d56f3ed034d1df576cdc5ab4f6da55dfb94ec68ab68de1cbd076cc6f61ed
[debug] [2019-03-17T08:20:39.252Z] [uploadQueue] Retrying task d45546cb44983ee62699b33009a05bf26d6f7bb93f214bfb1d25fbd22df6a215
[debug] [2019-03-17T08:20:39.252Z] [uploadQueue] Retrying task 8d7494b919c149a314fd97d3de3865f45b66037975e6258672777c64eb181091
[debug] [2019-03-17T08:20:39.262Z] [uploadQueue] Retrying task 3a6f8d79c1596e52ad7537cb26e6d5e7b02b51c8c2b94e3426f642c4781ae508
[debug] [2019-03-17T08:20:39.262Z] [uploadQueue] Retrying task cad64b1457f5b39a98dae39a1b222a51662c11b3b63a4db64658ea5eee01eae5
[debug] [2019-03-17T08:20:39.263Z] [uploadQueue] Retrying task 6ee039932c23d811609f999dd0ca941d21eaac7f8a74709cd0aacce72a503603
[debug] [2019-03-17T08:20:39.273Z] [uploadQueue] Retrying task 1e01305bafaae4d1a191bab1cc9ca1612a585837fd99d19b410b9c2d642466fc
[debug] [2019-03-17T08:20:39.313Z] [uploadQueue] Retrying task 4c273520831d8908156dae08254e0136ede29f00ffc4cc1b597f1dc2bd7b8928
[debug] [2019-03-17T08:20:39.313Z] [uploadQueue] Retrying task beaa1872cf9ecd509f0c31be2b6a403ce21323ed30805ee1decf25b0a49a99ac
[debug] [2019-03-17T08:20:39.369Z] [uploadQueue] Retrying task 956b84e5740f728eb4574845f9b3b70665eeccf0741bcda5c12e35e335b28db4
[debug] [2019-03-17T08:20:40.815Z] [uploadQueue] Retrying task eb05bbef0ac89f46d525334957bd0a9c2a1a853a7318eedf05d8cfc119137879
[debug] [2019-03-17T08:20:40.846Z] [uploadQueue] Retrying task 3087fba100ea744e50a6edfdc9f834063c59959435eea124045e80673d70a0a9
[debug] [2019-03-17T08:20:41.120Z] [uploadQueue] Retrying task 2e3308fd5b095aa8c15ab23ebfea9335ba34e2df8f157ac77e773aef175d6aea
[debug] [2019-03-17T08:20:41.504Z] [uploadQueue] Retrying task 9444aeffadaf5ef84b8c51095d23af94abf7b39a504f3603c00ef6e21f4173e5
[debug] [2019-03-17T08:20:41.507Z] [uploadQueue] Retrying task 84d89d8ff69105ed633d2dd990039b3db4bc6aa823cde6f71799415f2dd94ead
[debug] [2019-03-17T08:20:41.559Z] [uploadQueue] Retrying task 5bbb60ec59496eb20754444f6408f6958fbc122e1d86a84927c4076d4df69f93
[debug] [2019-03-17T08:20:42.210Z] [uploadQueue] Retrying task 2f181b7bfa01d8a5f2a3a7605b815fcbd2590a048d591e8121f90d6f4b044335
[debug] [2019-03-17T08:20:43.714Z] [uploadQueue] Retrying task d31e8a187b0c05ce60ed69002d5c6b3f30bf61c74bc3f8182be04a4f4357e5b8
[debug] [2019-03-17T08:20:44.325Z] [uploadQueue] Retrying task 2c8fff187b281092d512565364a99369930dd27df7a4f8ef1659ebce3fbb773d
[debug] [2019-03-17T08:20:44.591Z] [uploadQueue] Retrying task 3ffa2e2f661153dbda32baf721f333ca0800ad886982572532eb69e0581dbe7a
[debug] [2019-03-17T08:20:44.853Z] [uploadQueue] Retrying task cabade0fbd49c6b6d4282fb8bc4425e04835b8e2198ed30b32c3804b44e11cc9
[debug] [2019-03-17T08:20:44.854Z] [uploadQueue] Retrying task 451ae4ffd0b474d8d06f848398d26444d46effd60bb3e386c3e6f704d603520f
[debug] [2019-03-17T08:20:45.122Z] [uploadQueue] Retrying task ac0a41b85bf3e976447446437e5138f7fd0c56827396e2417a58a4b314fcba9c
[debug] [2019-03-17T08:20:45.165Z] [uploadQueue] Retrying task bdbddf8db84750ba6657a8cb70ecd76dd6dee8d4f97c7b9413ab6dace9f076cf
[debug] [2019-03-17T08:20:45.664Z] [uploadQueue] Retrying task a2bad89e8a0a012ae7d214e7b1053624238dcd6ba3b8a846b2998ed9cac363ab
[debug] [2019-03-17T08:20:46.136Z] [uploadQueue] Retrying task 0b6173b1c4bce96dd7eee59eb8f1e1fd026af05d1a00091b6c2bfc40f8dddd71
[debug] [2019-03-17T08:20:46.771Z] [uploadQueue] Retrying task 5656ef84ba629bd230dbaea676a81061b7e002384e61d1a98b4a7987118251a3
[debug] [2019-03-17T08:20:46.982Z] [uploadQueue] Retrying task 008696a7ae4951e3d57025a0fdaac012901148a8d46ba6b71bad0babdc2d545f
[debug] [2019-03-17T08:20:46.982Z] [uploadQueue] Retrying task b8628292eb1ad3ea9311fa5a86f6405291588d029ecc87cf41fd1367b8103507
[debug] [2019-03-17T08:20:46.983Z] [uploadQueue] Retrying task f956a8257ff7588ef2850e12021d9ab1edda7ae001bc57bbdd4605820aa55ea1
[debug] [2019-03-17T08:20:46.985Z] [uploadQueue] Retrying task 94145c4f804803e11b91886adc36d88e8b290acb078f6d25e8ceea09eb7c8418
[debug] [2019-03-17T08:20:46.987Z] [uploadQueue] Retrying task 51d1fa19c6625875364d9f5b490ee2ef008252493341bfecfa63c9bea7683c8e
[debug] [2019-03-17T08:20:47.035Z] [uploadQueue] Retrying task 84a0543353b9a81eaeaa2e7b27afafbaab51bc6d5a7eea11f95132cc816cb854
[debug] [2019-03-17T08:20:47.187Z] [uploadQueue] Retrying task ab416190e694f5bc0a12e7f52f6e70cb20e07f2355424d0124e1d0e5f3272511
[debug] [2019-03-17T08:20:47.211Z] [uploadQueue] Retrying task 979a391bef280fa9eae199a3320490811e91b17edba17d289b4fa96f19aba6f7
[debug] [2019-03-17T08:20:47.247Z] [uploadQueue] Retrying task f5b37be7e212660fe44182f9c701f17edb47ea21fe22dd27f97ed2bcf06f30d8
[debug] [2019-03-17T08:20:47.343Z] [uploadQueue] Retrying task 388ecf72a5aa5bd01917da612be958dda273213213bb21c7a4ccdcdb52bf6bf7
[debug] [2019-03-17T08:20:48.119Z] [uploadQueue] Retrying task 6eef0fd0a4a845b658f3a75eac8e60f7b9e383253ba037420adfe20d47ce7639
[debug] [2019-03-17T08:20:48.528Z] [uploadQueue] Retrying task 2f6472f791a69dd671696daefc4bda971de8a5c96f03f8cdace12614098a7f4b
[debug] [2019-03-17T08:20:48.786Z] [uploadQueue] Retrying task a65a24e1cde57515eeaa206522ef845d5618a31c5dce818de6700a94c5dce6e3
[debug] [2019-03-17T08:20:48.926Z] [uploadQueue] Retrying task d0106ad74f409197ca963df27335f25dcf54f83d13faabc219b95e2f29ba5b5c
[debug] [2019-03-17T08:20:48.939Z] [uploadQueue] Retrying task 52f2c6cfb77661aa54a6504fb2beb72134bef2509c6ebbe7914d71eebefb016e
[debug] [2019-03-17T08:20:48.947Z] [uploadQueue] Retrying task 546fb1acbfc971d88c87f7578a5f64cac4f4c57a1bffe59b69537238ddb75b72
[debug] [2019-03-17T08:20:49.072Z] [uploadQueue] Retrying task 5f31c6303ba837e284f8f81f072c1a563f71e586467272976b709a698e87a14e
[debug] [2019-03-17T08:20:50.864Z] [uploadQueue] Retrying task 7e3f58a874f23100d3ffd3f7637189dd0a78aed5b2b118ce99decfb79b4d8063
[debug] [2019-03-17T08:20:51.586Z] [uploadQueue] Retrying task beaa1872cf9ecd509f0c31be2b6a403ce21323ed30805ee1decf25b0a49a99ac
[debug] [2019-03-17T08:20:51.649Z] [uploadQueue] Retrying task 4c273520831d8908156dae08254e0136ede29f00ffc4cc1b597f1dc2bd7b8928
[debug] [2019-03-17T08:20:51.878Z] [uploadQueue] Retrying task ee915ce542395ad22c2cb61239e528f764135f5ac83e592c59147a4ddb52f029
[debug] [2019-03-17T08:20:52.590Z] [uploadQueue] Retrying task c439e7b3460475bcc67967b32964843698e416ca1a2ecf9ca013adee1432ffe8
[debug] [2019-03-17T08:20:52.774Z] [uploadQueue] Retrying task ee2ac1993c0ee09b48d344e22d9253d9871321eaa57c3ad22e5334883321805c
[debug] [2019-03-17T08:20:53.525Z] [uploadQueue] Retrying task df52ad37de471686eff1add775a20d78f67d66d827d40f27f96520e7f75de31d
[debug] [2019-03-17T08:20:53.603Z] [uploadQueue] Retrying task aca23fb2d0b07828e6ed54b4b2ace3f3029f05a418702ab397c71cea62d6d324
[debug] [2019-03-17T08:20:53.712Z] [uploadQueue] Retrying task c34fca62a03a5600149875061c62363c29e2eef9f1d7baadae1b7daa7880d480
[debug] [2019-03-17T08:20:54.014Z] [uploadQueue] Retrying task 8d7494b919c149a314fd97d3de3865f45b66037975e6258672777c64eb181091
[debug] [2019-03-17T08:20:54.297Z] [uploadQueue] Retrying task 2e03eadbd3f1902083c404c12f5fa96ab4bf593a1bdc63eb16ab0c238fe58d97
[debug] [2019-03-17T08:20:55.057Z] [uploadQueue] Retrying task f0ba81952b97036d636652bc849bb73aac45a8ac0dbd9a26d0d43bd313aac101
[debug] [2019-03-17T08:20:56.102Z] [uploadQueue] Retrying task 7f68f27d6cb1db0865158279efdf55a23806a3685cd00127e98506847be9d530
[debug] [2019-03-17T08:20:56.550Z] [uploadQueue] Retrying task f8a280e26b082c79a0a5b2f037e7ef3afd691600357bf41f5a0ba38ceb9a4ca8
[debug] [2019-03-17T08:20:56.552Z] [uploadQueue] Retrying task 2daf0f647537169c4c13bfb630c85511329e9e05b609009ec13aedc395543845
[debug] [2019-03-17T08:20:56.557Z] [uploadQueue] Retrying task 464d9842b9086052654d59ce96ca9c5e49203030ffd33aaba0fed6ad57c64c55
[debug] [2019-03-17T08:20:56.570Z] [uploadQueue] Retrying task 2d4e054efa970ffbe170f04b682dfc63e74c6fd5344cf40869b01662d65a00c0
[debug] [2019-03-17T08:20:56.570Z] [uploadQueue] Retrying task 853e3d933948d10a9d9767422fa1fd7fe61eab2749a29b9c24483f14cc6e1931
[debug] [2019-03-17T08:20:56.571Z] [uploadQueue] Retrying task 87ca9f8a250a948daa43e0ef819a9a541cd2b118d80389f5b8dbdeea08da7380
[debug] [2019-03-17T08:20:56.571Z] [uploadQueue] Retrying task 15257c5f68dab7717f0aa92e7f709f55f391523bc2b746ad9c32f66ea3103bf1
[debug] [2019-03-17T08:20:56.571Z] [uploadQueue] Retrying task dcd29846e190becf3e9d6ed81e4bb78f86fa244af7b5dcec9a0a1fe31f8d8f2e
[debug] [2019-03-17T08:20:56.571Z] [uploadQueue] Retrying task c42d3650a94272efef35619f22a7dc744a570b57a68f01750596518898d1e972
[debug] [2019-03-17T08:20:56.572Z] [uploadQueue] Retrying task e44fa9d90359f1e51c0473cd81c098abda7a2f9fd28d600ce63d6cff4baee0eb
[debug] [2019-03-17T08:20:56.587Z] [uploadQueue] Retrying task d2c53539d482cd17f4df7d676fa81f4b12f31492ba736737c08815df77bc026e
[debug] [2019-03-17T08:20:56.588Z] [uploadQueue] Retrying task 8b63badc1ee7f535a74dea74af554c8ce9a5a3a4fbdea4b022b1f38766f94026
[debug] [2019-03-17T08:20:56.588Z] [uploadQueue] Retrying task 0341ee95369d16396a8fcd45cd65b82ca347dcd62906a93a24a0c42ccb9b6268
[debug] [2019-03-17T08:20:56.588Z] [uploadQueue] Retrying task 497d261959f78302f37825fb3322c3cfc050690667108070dc840ff90e5d45f6
[debug] [2019-03-17T08:20:56.589Z] [uploadQueue] Retrying task b90229ba3e47a476324d6e6f1e3b01e6579c5d9d2ea2da943078ec82272f6ff0
[debug] [2019-03-17T08:20:56.589Z] [uploadQueue] Retrying task 8b1eb2002c0873ea0763a3a71ac2105902e6a38db46e5a34b5c49611f16c2db2
[debug] [2019-03-17T08:20:56.589Z] [uploadQueue] Retrying task 0c3c9fb37db2dbcabaa725829f4325dc79dea989fc35212e2557320ea774790d
[debug] [2019-03-17T08:20:56.590Z] [uploadQueue] Retrying task 3bc04b30d49f15f0b3de046bd31148cd65130f87daf99901ea5357481f75bbdd
[debug] [2019-03-17T08:20:56.590Z] [uploadQueue] Retrying task 135d28c7ecb6e417c3beddee74a85b03b2b3196d51edafb4696d844e4f52a752
[debug] [2019-03-17T08:20:56.590Z] [uploadQueue] Retrying task 9ad5582cbb100c2869afc681247d7120c385527f6d8e0adccdc0e66e6c674221
[debug] [2019-03-17T08:20:56.590Z] [uploadQueue] Retrying task 19ec779c3dc1c8c0760d0d78707580a95fee84de156b1a4733e6d15bffd2d655
[debug] [2019-03-17T08:20:56.590Z] [uploadQueue] Retrying task 9443323a32eef4f46a3ae48a8d456f13421a636f2837e67f8ab4e9c27f37243b
[debug] [2019-03-17T08:20:56.590Z] [uploadQueue] Retrying task b53a9e27bf58c4d72142651d10428596e0e8329238d792cd0c8b893d5adbf806
[debug] [2019-03-17T08:20:57.150Z] [uploadQueue] Retrying task 5ec6bddcf5e4dd8624565f0bdf2b9a794fbea3da1f4c34fb754a00bacfe14ab6
[debug] [2019-03-17T08:20:57.479Z] [uploadQueue] Retrying task 3087fba100ea744e50a6edfdc9f834063c59959435eea124045e80673d70a0a9
[debug] [2019-03-17T08:20:57.897Z] [uploadQueue] Retrying task ef40d4a40b843ba4232206d0d99a15adc0f7a2a240ea9c2928e4cbe905591215
[debug] [2019-03-17T08:20:57.932Z] [uploadQueue] Retrying task 0b6173b1c4bce96dd7eee59eb8f1e1fd026af05d1a00091b6c2bfc40f8dddd71
[debug] [2019-03-17T08:20:58.014Z] [uploadQueue] Retrying task 28be97821b1edc481b56e14abb7631307de391f8011cd1f7f40555f2ad7ab71c
[debug] [2019-03-17T08:20:58.016Z] [uploadQueue] Retrying task f062729ca65f300db705fdc85f3bcc6717335e661a5c306dad8184841a347e15
[debug] [2019-03-17T08:20:58.016Z] [uploadQueue] Retrying task 90457dea91494695f6a39d086cf0effba36ec317434af117da381c3d672c4d48
[debug] [2019-03-17T08:20:58.706Z] [uploadQueue] Retrying task f956a8257ff7588ef2850e12021d9ab1edda7ae001bc57bbdd4605820aa55ea1
[debug] [2019-03-17T08:20:59.177Z] [uploadQueue] Retrying task a6d005575fd8de3cae8823206c183df64e266cc45c96b0ea66ea3e7dbb1b9f6a
[debug] [2019-03-17T08:20:59.891Z] [uploadQueue] Retrying task ac0a41b85bf3e976447446437e5138f7fd0c56827396e2417a58a4b314fcba9c
[debug] [2019-03-17T08:21:00.291Z] [uploadQueue] Retrying task 9a87f4a096b6c80df70a35e434856b94afb654e786556769a3469b01f1208c68
[debug] [2019-03-17T08:21:01.086Z] [uploadQueue] Retrying task 3a6f8d79c1596e52ad7537cb26e6d5e7b02b51c8c2b94e3426f642c4781ae508
[debug] [2019-03-17T08:21:01.506Z] [uploadQueue] Retrying task bee965e5113b9f4953a8dda80f90dbd2458d1173755e7dfbc02dfa207284519b
[debug] [2019-03-17T08:21:02.702Z] [uploadQueue] Retrying task 5bbb60ec59496eb20754444f6408f6958fbc122e1d86a84927c4076d4df69f93
[debug] [2019-03-17T08:21:03.098Z] [uploadQueue] Retrying task a65a24e1cde57515eeaa206522ef845d5618a31c5dce818de6700a94c5dce6e3
[debug] [2019-03-17T08:21:05.109Z] [uploadQueue] Retrying task ea87776221fb49d1cef3c30e3dd7652fef41345eb83ee1cc37c04b299476d354
[debug] [2019-03-17T08:21:06.572Z] [uploadQueue] Retrying task bd1fbb928ae3c83888af17ffe348336b2e1308363c4ac768904f280fcf02f35e
[debug] [2019-03-17T08:21:06.747Z] [uploadQueue] Retrying task 5249b82e74bb5877953f5acb34f53dac3f0063ffe68e8865c71a1c012174f60f
[debug] [2019-03-17T08:21:07.329Z] [uploadQueue] Retrying task 2f6472f791a69dd671696daefc4bda971de8a5c96f03f8cdace12614098a7f4b
[debug] [2019-03-17T08:21:07.737Z] [uploadQueue] Retrying task aca23fb2d0b07828e6ed54b4b2ace3f3029f05a418702ab397c71cea62d6d324
[debug] [2019-03-17T08:21:09.615Z] [uploadQueue] Retrying task 656e82cd28cee33464622843e4d6f9f9541741c611853e178f96fbaa4006de86
[debug] [2019-03-17T08:21:10.737Z] [uploadQueue] Retrying task 6eef0fd0a4a845b658f3a75eac8e60f7b9e383253ba037420adfe20d47ce7639
[debug] [2019-03-17T08:21:11.234Z] [uploadQueue] Retrying task f956a8257ff7588ef2850e12021d9ab1edda7ae001bc57bbdd4605820aa55ea1
[debug] [2019-03-17T08:21:12.672Z] [uploadQueue] Retrying task 7e3f58a874f23100d3ffd3f7637189dd0a78aed5b2b118ce99decfb79b4d8063
[debug] [2019-03-17T08:21:14.771Z] [uploadQueue] Retrying task f062729ca65f300db705fdc85f3bcc6717335e661a5c306dad8184841a347e15
[debug] [2019-03-17T08:21:15.230Z] [uploadQueue] Retrying task e58c5a746312a4f97d08a3f55f5ffc6c93009da93de1a3731e2cea047978a9c1
[debug] [2019-03-17T08:21:16.233Z] [uploadQueue] Retrying task db02d6df999c658fa0791a011bc75c73a62ee69e54b0cdf09d429e92d9ed8c5a
[debug] [2019-03-17T08:21:16.560Z] [uploadQueue] Retrying task ea87776221fb49d1cef3c30e3dd7652fef41345eb83ee1cc37c04b299476d354
[debug] [2019-03-17T08:21:17.480Z] [uploadQueue] Retrying task ac0a41b85bf3e976447446437e5138f7fd0c56827396e2417a58a4b314fcba9c
[debug] [2019-03-17T08:21:17.532Z] [uploadQueue] Retrying task bdbddf8db84750ba6657a8cb70ecd76dd6dee8d4f97c7b9413ab6dace9f076cf
[debug] [2019-03-17T08:21:17.948Z] [uploadQueue] Retrying task 3bc04b30d49f15f0b3de046bd31148cd65130f87daf99901ea5357481f75bbdd
[debug] [2019-03-17T08:21:18.606Z] [uploadQueue] Retrying task 451ae4ffd0b474d8d06f848398d26444d46effd60bb3e386c3e6f704d603520f
[debug] [2019-03-17T08:21:18.959Z] [uploadQueue] Retrying task 5ec6bddcf5e4dd8624565f0bdf2b9a794fbea3da1f4c34fb754a00bacfe14ab6
[debug] [2019-03-17T08:21:19.200Z] [uploadQueue] Retrying task 15257c5f68dab7717f0aa92e7f709f55f391523bc2b746ad9c32f66ea3103bf1
[debug] [2019-03-17T08:21:19.201Z] [uploadQueue] Retrying task e44fa9d90359f1e51c0473cd81c098abda7a2f9fd28d600ce63d6cff4baee0eb
[debug] [2019-03-17T08:21:19.202Z] [uploadQueue] Retrying task 853e3d933948d10a9d9767422fa1fd7fe61eab2749a29b9c24483f14cc6e1931
[debug] [2019-03-17T08:21:19.204Z] [uploadQueue] Retrying task dcd29846e190becf3e9d6ed81e4bb78f86fa244af7b5dcec9a0a1fe31f8d8f2e
[debug] [2019-03-17T08:21:19.205Z] [uploadQueue] Retrying task 87ca9f8a250a948daa43e0ef819a9a541cd2b118d80389f5b8dbdeea08da7380
[debug] [2019-03-17T08:21:19.218Z] [uploadQueue] Retrying task 19ec779c3dc1c8c0760d0d78707580a95fee84de156b1a4733e6d15bffd2d655
[debug] [2019-03-17T08:21:19.224Z] [uploadQueue] Retrying task 9ad5582cbb100c2869afc681247d7120c385527f6d8e0adccdc0e66e6c674221
[debug] [2019-03-17T08:21:19.224Z] [uploadQueue] Retrying task 0c3c9fb37db2dbcabaa725829f4325dc79dea989fc35212e2557320ea774790d
[debug] [2019-03-17T08:21:19.225Z] [uploadQueue] Retrying task b90229ba3e47a476324d6e6f1e3b01e6579c5d9d2ea2da943078ec82272f6ff0
[debug] [2019-03-17T08:21:19.225Z] [uploadQueue] Retrying task 9443323a32eef4f46a3ae48a8d456f13421a636f2837e67f8ab4e9c27f37243b
[debug] [2019-03-17T08:21:19.225Z] [uploadQueue] Retrying task b53a9e27bf58c4d72142651d10428596e0e8329238d792cd0c8b893d5adbf806
[debug] [2019-03-17T08:21:19.226Z] [uploadQueue] Retrying task 8b63badc1ee7f535a74dea74af554c8ce9a5a3a4fbdea4b022b1f38766f94026
[debug] [2019-03-17T08:21:19.239Z] [uploadQueue] Retrying task 8b1eb2002c0873ea0763a3a71ac2105902e6a38db46e5a34b5c49611f16c2db2
[debug] [2019-03-17T08:21:19.240Z] [uploadQueue] Retrying task 497d261959f78302f37825fb3322c3cfc050690667108070dc840ff90e5d45f6
[debug] [2019-03-17T08:21:19.240Z] [uploadQueue] Retrying task d2c53539d482cd17f4df7d676fa81f4b12f31492ba736737c08815df77bc026e
[debug] [2019-03-17T08:21:20.987Z] [uploadQueue] Retrying task a6d005575fd8de3cae8823206c183df64e266cc45c96b0ea66ea3e7dbb1b9f6a
[debug] [2019-03-17T08:21:25.770Z] [uploadQueue] Retrying task 388ecf72a5aa5bd01917da612be958dda273213213bb21c7a4ccdcdb52bf6bf7
[debug] [2019-03-17T08:21:27.008Z] [uploadQueue] Retrying task 8e27793575cda413752e6b654fadbced5c2bb3f6f198b9ab160e4d1d349ef153
[debug] [2019-03-17T08:21:29.431Z] [uploadQueue] Retrying task 2cb98e3dfcebd37a3779f50893a8a56c035fda0540768d473caa25514a647e96
[debug] [2019-03-17T08:21:30.343Z] [uploadQueue] Retrying task aca23fb2d0b07828e6ed54b4b2ace3f3029f05a418702ab397c71cea62d6d324
[debug] [2019-03-17T08:21:30.565Z] [uploadQueue] Retrying task 8348be0233014f6dbdf3b2a528a7bb82134f3aa00eb225278e6f56e837e0c6bc
[debug] [2019-03-17T08:21:33.278Z] [uploadQueue] Retrying task 1ef64e28ae9ecb16318b621a6fe65da42b247cfcb8752a2a4a1f1af95bf897f4
[debug] [2019-03-17T08:21:36.297Z] [uploadQueue] Retrying task 497d261959f78302f37825fb3322c3cfc050690667108070dc840ff90e5d45f6
[debug] [2019-03-17T08:21:36.882Z] [uploadQueue] Retrying task beaa1872cf9ecd509f0c31be2b6a403ce21323ed30805ee1decf25b0a49a99ac
[debug] [2019-03-17T08:21:37.838Z] [uploadQueue] Retrying task e58c5a746312a4f97d08a3f55f5ffc6c93009da93de1a3731e2cea047978a9c1
[debug] [2019-03-17T08:21:38.344Z] [uploadQueue] Retrying task e44fa9d90359f1e51c0473cd81c098abda7a2f9fd28d600ce63d6cff4baee0eb
[debug] [2019-03-17T08:21:40.354Z] [uploadQueue] Retrying task de4b002abbee427db9f16c22bf30f218d88db7e30b9aed66ca96e432a74ed8cb
[debug] [2019-03-17T08:21:41.574Z] [uploadQueue] Retrying task 8e27793575cda413752e6b654fadbced5c2bb3f6f198b9ab160e4d1d349ef153
[debug] [2019-03-17T08:21:42.092Z] [uploadQueue] Retrying task dcd29846e190becf3e9d6ed81e4bb78f86fa244af7b5dcec9a0a1fe31f8d8f2e
[debug] [2019-03-17T08:21:42.094Z] [uploadQueue] Retrying task 15257c5f68dab7717f0aa92e7f709f55f391523bc2b746ad9c32f66ea3103bf1
[debug] [2019-03-17T08:21:43.233Z] [uploadQueue] Retrying task 388ecf72a5aa5bd01917da612be958dda273213213bb21c7a4ccdcdb52bf6bf7
[debug] [2019-03-17T08:21:44.490Z] [uploadQueue] Retrying task 979a391bef280fa9eae199a3320490811e91b17edba17d289b4fa96f19aba6f7
[debug] [2019-03-17T08:21:48.726Z] [uploadQueue] Retrying task e705010bad0d7117028da958df87d6395de4b3c0740c23c18052715c6e20f542
[debug] [2019-03-17T08:21:57.580Z] [uploadQueue] Retrying task e44fa9d90359f1e51c0473cd81c098abda7a2f9fd28d600ce63d6cff4baee0eb
[debug] [2019-03-17T08:21:59.500Z] [uploadQueue] Retrying task b53a9e27bf58c4d72142651d10428596e0e8329238d792cd0c8b893d5adbf806
[debug] [2019-03-17T08:22:00.991Z] [uploadQueue] Retrying task 2cb98e3dfcebd37a3779f50893a8a56c035fda0540768d473caa25514a647e96
[debug] [2019-03-17T08:22:01.301Z] [uploadQueue] Retrying task 15257c5f68dab7717f0aa92e7f709f55f391523bc2b746ad9c32f66ea3103bf1
[debug] [2019-03-17T08:22:02.052Z] [uploadQueue] Retrying task e58c5a746312a4f97d08a3f55f5ffc6c93009da93de1a3731e2cea047978a9c1
[debug] [2019-03-17T08:22:05.410Z] [uploadQueue] Retrying task 227d1e34585be5654d58d95a00031821fd7fb9c6188512ac456e453f74937ed4
[debug] [2019-03-17T08:22:21.202Z] [uploadQueue] Retrying task 979a391bef280fa9eae199a3320490811e91b17edba17d289b4fa96f19aba6f7
[debug] [2019-03-17T08:22:33.763Z] [uploadQueue] Retrying task 3f5ca98db2aa7821f39d0b84f9fe8b2ab3411a95b42ad7d08bcc7c27d9e2e960
[debug] [2019-03-17T08:22:36.776Z] [uploadQueue] Retrying task 8d7494b919c149a314fd97d3de3865f45b66037975e6258672777c64eb181091
[debug] [2019-03-17T08:22:36.832Z] [uploadQueue] Retrying task b90229ba3e47a476324d6e6f1e3b01e6579c5d9d2ea2da943078ec82272f6ff0
[debug] [2019-03-17T08:22:39.123Z] [uploadQueue] Retrying task 2cb98e3dfcebd37a3779f50893a8a56c035fda0540768d473caa25514a647e96
[debug] [2019-03-17T08:22:45.009Z] [uploadQueue] Retrying task e58c5a746312a4f97d08a3f55f5ffc6c93009da93de1a3731e2cea047978a9c1
[debug] [2019-03-17T08:22:53.519Z] [uploadQueue] Retrying task 1ec8fa8270f9ad69d2002796aba61adb2dde115fe9234f241ef0b78f8d6037fc
[debug] [2019-03-17T08:22:57.235Z] [uploadQueue] Retrying task dcd29846e190becf3e9d6ed81e4bb78f86fa244af7b5dcec9a0a1fe31f8d8f2e
[debug] [2019-03-17T08:23:16.126Z] [uploadQueue] Retrying task 2d30964b893caab203d831d50c267c84793bef7720d5930e093431adda36bc8e
[debug] [2019-03-17T08:23:21.136Z] [uploadQueue] Retrying task 6eef0fd0a4a845b658f3a75eac8e60f7b9e383253ba037420adfe20d47ce7639
[debug] [2019-03-17T08:23:25.599Z] [uploadQueue] Retrying task 4618e5946fab0c7be8b27b2d8c9ef327a480359a89d5450ea9114f18d5d18f3e
[debug] [2019-03-17T08:23:34.632Z] [uploadQueue] Retrying task c403b2502c7151a11977d71536d45d7e9bd6ce05eba97e19d463417002e6cb88
[debug] [2019-03-17T08:23:46.091Z] [uploadQueue] Retrying task 4618e5946fab0c7be8b27b2d8c9ef327a480359a89d5450ea9114f18d5d18f3e
[debug] [2019-03-17T08:24:01.016Z] [uploadQueue] Retrying task 0c3c9fb37db2dbcabaa725829f4325dc79dea989fc35212e2557320ea774790d
[debug] [2019-03-17T08:24:01.403Z] [uploadQueue] Retrying task 681115ae002d0a44e8dc3599a858f8079429fa3610badfba2d3f26ac362120fb
[debug] [2019-03-17T08:24:03.323Z] [uploadQueue] Retrying task 27ef486561c2a1bfa42676e2d8768e48059693a9dfad312a965b80fe9433ab39
[debug] [2019-03-17T08:24:07.202Z] [uploadQueue] Retrying task e19796a6118bf980a1d2764ca15bae68ef89a4b989e5cce3cebb79f4e99bba4e
[debug] [2019-03-17T08:24:07.895Z] [uploadQueue] Retrying task 227d1e34585be5654d58d95a00031821fd7fb9c6188512ac456e453f74937ed4
[debug] [2019-03-17T08:24:09.095Z] [uploadQueue] Retrying task f5f9d770680c8d9c9403c32a0a83285bcf99f77efab3cef2fb187782e3c35abd
[debug] [2019-03-17T08:24:18.541Z] [uploadQueue] Retrying task 6edae98fc0af78929f2d6a17899bf1d3c321ae68fdedac0acda16ad00816fffb
[debug] [2019-03-17T08:24:19.482Z] [uploadQueue] Retrying task fff114d64cfe066ec575f48e0a3d0047fe8fd86ed1cc04e02e206286674a6846
[debug] [2019-03-17T08:24:20.270Z] [uploadQueue] Retrying task 5acba531a10d1b558647a9e2a96ebd56f34f385678bc3ca63a44d0dc90a5d948
